Using pre-set license
Built from '2020.3/staging' branch; Version is '2020.3.0f1 (c7b5465681fb) revision 13088070'; Using compiler version '192528614'; Build Type 'Release'
OS: 'Windows 10 Pro; OS build 19045.4894; Version 2009; 64bit' Language: 'es' Physical Memory: 16321 MB
BatchMode: 1, IsHumanControllingUs: 0, StartBugReporterOnCrash: 0, Is64bit: 1, IsPro: 0

 COMMAND LINE ARGUMENTS:
C:\Program Files\Unity\Hub\Editor\2020.3.0f1\Editor\Unity.exe
-adb2
-batchMode
-noUpm
-name
AssetImportWorker0
-projectPath
D:/IBRAIN/PROGRAMACION/My project
-logFile
Logs/AssetImportWorker0.log
-srvPort
49947
Successfully changed project path to: D:/IBRAIN/PROGRAMACION/My project
D:/IBRAIN/PROGRAMACION/My project
Using Asset Import Pipeline V2.
Refreshing native plugins compatible for Editor in 24.66 ms, found 0 plugins.
Preloading 0 native plugins for Editor in 0.00 ms.
Initialize engine version: 2020.3.0f1 (c7b5465681fb)
[Subsystems] Discovering subsystems at path C:/Program Files/Unity/Hub/Editor/2020.3.0f1/Editor/Data/Resources/UnitySubsystems
[Subsystems] Discovering subsystems at path D:/IBRAIN/PROGRAMACION/My project/Assets
GfxDevice: creating device client; threaded=0
Direct3D:
    Version:  Direct3D 11.0 [level 11.0]
    Renderer: NVIDIA GeForce GT 730 (ID=0x1287)
    Vendor:   
    VRAM:     4052 MB
    Driver:   27.21.14.6677
Initialize mono
Mono path[0] = 'C:/Program Files/Unity/Hub/Editor/2020.3.0f1/Editor/Data/Managed'
Mono path[1] = 'C:/Program Files/Unity/Hub/Editor/2020.3.0f1/Editor/Data/MonoBleedingEdge/lib/mono/unityjit'
Mono config path = 'C:/Program Files/Unity/Hub/Editor/2020.3.0f1/Editor/Data/MonoBleedingEdge/etc'
Using monoOptions --debugger-agent=transport=dt_socket,embedding=1,server=y,suspend=n,address=127.0.0.1:56168
Begin MonoManager ReloadAssembly
Registering precompiled unity dll's ...
Register platform support module: C:/Program Files/Unity/Hub/Editor/2020.3.0f1/Editor/Data/PlaybackEngines/WindowsStandaloneSupport/UnityEditor.WindowsStandalone.Extensions.dll
Registered in 0.002096 seconds.
Native extension for WindowsStandalone target not found
Refreshing native plugins compatible for Editor in 24.61 ms, found 0 plugins.
Preloading 0 native plugins for Editor in 0.00 ms.
Invoked RoslynAnalysisRunner static constructor.
RoslynAnalysisRunner will not be running.
RoslynAnalysisRunner has terminated.
Mono: successfully reloaded assembly
- Completed reload, in  1.163 seconds
Platform modules already initialized, skipping
Registering precompiled user dll's ...
Registered in 0.000527 seconds.
Begin MonoManager ReloadAssembly
Native extension for WindowsStandalone target not found
Refreshing native plugins compatible for Editor in 0.19 ms, found 0 plugins.
Preloading 0 native plugins for Editor in 0.00 ms.
Invoked RoslynAnalysisRunner static constructor.
RoslynAnalysisRunner will not be running.
RoslynAnalysisRunner has terminated.
Mono: successfully reloaded assembly
- Completed reload, in  0.926 seconds
Platform modules already initialized, skipping
========================================================================
Worker process is ready to serve import requests
Launched and connected shader compiler UnityShaderCompiler.exe after 0.04 seconds
Refreshing native plugins compatible for Editor in 0.19 ms, found 0 plugins.
Preloading 0 native plugins for Editor in 0.00 ms.
Unloading 1116 Unused Serialized files (Serialized files now loaded: 0)
System memory in use before: 57.0 MB.
System memory in use after: 57.1 MB.

Unloading 9 unused Assets to reduce memory usage. Loaded Objects now: 1559.
Total: 1.708200 ms (FindLiveObjects: 0.136800 ms CreateObjectMapping: 0.049400 ms MarkObjects: 1.450200 ms  DeleteObjects: 0.070900 ms)

========================================================================
Received Import Request.
  path: Assets/scripts/BoinVeaidiour.unity
  artifactKey: Guid(126670d72236c8f40833db9334c92397) Importer(815301076,1909f56bfc062723c751e8b465ee728b)
Start importing Assets/scripts/BoinVeaidiour.unity using Guid(126670d72236c8f40833db9334c92397) Importer(815301076,1909f56bfc062723c751e8b465ee728b)  -> (artifact id: '3a8d2ec4c271a9c15c8fb26f04ac91af') in 0.069303 seconds
  Import took 0.071174 seconds .

========================================================================
Received Prepare
Registering precompiled user dll's ...
Registered in 0.000589 seconds.
Begin MonoManager ReloadAssembly
Native extension for WindowsStandalone target not found
Refreshing native plugins compatible for Editor in 0.20 ms, found 0 plugins.
Preloading 0 native plugins for Editor in 0.00 ms.
Invoked RoslynAnalysisRunner static constructor.
RoslynAnalysisRunner will not be running.
RoslynAnalysisRunner has terminated.
Mono: successfully reloaded assembly
- Completed reload, in  0.790 seconds
Platform modules already initialized, skipping
Refreshing native plugins compatible for Editor in 0.86 ms, found 0 plugins.
Preloading 0 native plugins for Editor in 0.00 ms.
Unloading 1110 Unused Serialized files (Serialized files now loaded: 0)
System memory in use before: 56.9 MB.
System memory in use after: 57.0 MB.

Unloading 4 unused Assets to reduce memory usage. Loaded Objects now: 1562.
Total: 1.862800 ms (FindLiveObjects: 0.222900 ms CreateObjectMapping: 0.062500 ms MarkObjects: 1.555100 ms  DeleteObjects: 0.020100 ms)

========================================================================
Received Import Request.
  Time since last request: 2055.132861 seconds.
  path: Assets/scripts/BoinBehaviour.cs
  artifactKey: Guid(4f92f63df0bbf4e4eb6d535cdbcc0b5d) Importer(815301076,1909f56bfc062723c751e8b465ee728b)
Start importing Assets/scripts/BoinBehaviour.cs using Guid(4f92f63df0bbf4e4eb6d535cdbcc0b5d) Importer(815301076,1909f56bfc062723c751e8b465ee728b)  -> (artifact id: 'bbe7e23a8aefa634cad973197fe72b0b') in 0.061297 seconds
  Import took 0.064487 seconds .

========================================================================
Received Prepare
Registering precompiled user dll's ...
Registered in 0.000547 seconds.
Begin MonoManager ReloadAssembly
Native extension for WindowsStandalone target not found
Refreshing native plugins compatible for Editor in 0.20 ms, found 0 plugins.
Preloading 0 native plugins for Editor in 0.00 ms.
Invoked RoslynAnalysisRunner static constructor.
RoslynAnalysisRunner will not be running.
RoslynAnalysisRunner has terminated.
Mono: successfully reloaded assembly
- Completed reload, in  0.798 seconds
Platform modules already initialized, skipping
Refreshing native plugins compatible for Editor in 0.20 ms, found 0 plugins.
Preloading 0 native plugins for Editor in 0.00 ms.
Unloading 1110 Unused Serialized files (Serialized files now loaded: 0)
System memory in use before: 56.9 MB.
System memory in use after: 57.0 MB.

Unloading 4 unused Assets to reduce memory usage. Loaded Objects now: 1565.
Total: 1.752400 ms (FindLiveObjects: 0.126100 ms CreateObjectMapping: 0.036800 ms MarkObjects: 1.575600 ms  DeleteObjects: 0.013000 ms)

========================================================================
Received Prepare
Registering precompiled user dll's ...
Registered in 0.000525 seconds.
Begin MonoManager ReloadAssembly
Native extension for WindowsStandalone target not found
Refreshing native plugins compatible for Editor in 0.20 ms, found 0 plugins.
Preloading 0 native plugins for Editor in 0.00 ms.
Invoked RoslynAnalysisRunner static constructor.
RoslynAnalysisRunner will not be running.
RoslynAnalysisRunner has terminated.
Mono: successfully reloaded assembly
- Completed reload, in  0.794 seconds
Platform modules already initialized, skipping
Refreshing native plugins compatible for Editor in 0.19 ms, found 0 plugins.
Preloading 0 native plugins for Editor in 0.00 ms.
Unloading 1110 Unused Serialized files (Serialized files now loaded: 0)
System memory in use before: 56.9 MB.
System memory in use after: 57.0 MB.

Unloading 4 unused Assets to reduce memory usage. Loaded Objects now: 1568.
Total: 1.851200 ms (FindLiveObjects: 0.187400 ms CreateObjectMapping: 0.070400 ms MarkObjects: 1.548000 ms  DeleteObjects: 0.043500 ms)

========================================================================
Received Import Request.
  Time since last request: 204.077489 seconds.
  path: Assets/scripts/PlayerBehaviour.cs
  artifactKey: Guid(75d70207a21bc4e47b4d3c1e9571abea) Importer(815301076,1909f56bfc062723c751e8b465ee728b)
Start importing Assets/scripts/PlayerBehaviour.cs using Guid(75d70207a21bc4e47b4d3c1e9571abea) Importer(815301076,1909f56bfc062723c751e8b465ee728b)  -> (artifact id: 'b71830efd9d7de7e3c65896f57cf9179') in 0.009298 seconds
  Import took 0.011388 seconds .

========================================================================
Received Import Request.
  Time since last request: 560.326896 seconds.
  path: ProjectSettings/TagManager.asset
  artifactKey: Guid(00000000000000003000000000000000) Importer(815301076,1909f56bfc062723c751e8b465ee728b)
Start importing ProjectSettings/TagManager.asset using Guid(00000000000000003000000000000000) Importer(815301076,1909f56bfc062723c751e8b465ee728b)  -> (artifact id: 'e58c32c74971579209c983feef23e212') in 0.028874 seconds
  Import took 0.031623 seconds .

========================================================================
Received Import Request.
  Time since last request: 665.812930 seconds.
  path: Assets/scripts/PlayerBehaviour.cs
  artifactKey: Guid(75d70207a21bc4e47b4d3c1e9571abea) Importer(815301076,1909f56bfc062723c751e8b465ee728b)
Start importing Assets/scripts/PlayerBehaviour.cs using Guid(75d70207a21bc4e47b4d3c1e9571abea) Importer(815301076,1909f56bfc062723c751e8b465ee728b)  -> (artifact id: '032e36aa05a3b02182b2adfdc34f76a3') in 0.003647 seconds
  Import took 0.006198 seconds .

========================================================================
Received Prepare
Registering precompiled user dll's ...
Registered in 0.000544 seconds.
Begin MonoManager ReloadAssembly
Native extension for WindowsStandalone target not found
Refreshing native plugins compatible for Editor in 0.27 ms, found 0 plugins.
Preloading 0 native plugins for Editor in 0.00 ms.
Invoked RoslynAnalysisRunner static constructor.
RoslynAnalysisRunner will not be running.
RoslynAnalysisRunner has terminated.
Mono: successfully reloaded assembly
- Completed reload, in  0.802 seconds
Platform modules already initialized, skipping
Refreshing native plugins compatible for Editor in 0.20 ms, found 0 plugins.
Preloading 0 native plugins for Editor in 0.00 ms.
Unloading 1110 Unused Serialized files (Serialized files now loaded: 0)
System memory in use before: 56.9 MB.
System memory in use after: 57.0 MB.

Unloading 5 unused Assets to reduce memory usage. Loaded Objects now: 1571.
Total: 1.802300 ms (FindLiveObjects: 0.119100 ms CreateObjectMapping: 0.033700 ms MarkObjects: 1.607600 ms  DeleteObjects: 0.040400 ms)

========================================================================
Received Prepare
Registering precompiled user dll's ...
Registered in 0.000960 seconds.
Begin MonoManager ReloadAssembly
Native extension for WindowsStandalone target not found
Refreshing native plugins compatible for Editor in 0.19 ms, found 0 plugins.
Preloading 0 native plugins for Editor in 0.00 ms.
Invoked RoslynAnalysisRunner static constructor.
RoslynAnalysisRunner will not be running.
RoslynAnalysisRunner has terminated.
Mono: successfully reloaded assembly
- Completed reload, in  0.779 seconds
Platform modules already initialized, skipping
Refreshing native plugins compatible for Editor in 0.21 ms, found 0 plugins.
Preloading 0 native plugins for Editor in 0.00 ms.
Unloading 1110 Unused Serialized files (Serialized files now loaded: 0)
System memory in use before: 56.9 MB.
System memory in use after: 57.0 MB.

Unloading 4 unused Assets to reduce memory usage. Loaded Objects now: 1574.
Total: 1.690100 ms (FindLiveObjects: 0.150100 ms CreateObjectMapping: 0.041800 ms MarkObjects: 1.453400 ms  DeleteObjects: 0.043100 ms)

========================================================================
Received Prepare
Registering precompiled user dll's ...
Registered in 0.000539 seconds.
Begin MonoManager ReloadAssembly
Native extension for WindowsStandalone target not found
Refreshing native plugins compatible for Editor in 0.20 ms, found 0 plugins.
Preloading 0 native plugins for Editor in 0.00 ms.
Invoked RoslynAnalysisRunner static constructor.
RoslynAnalysisRunner will not be running.
RoslynAnalysisRunner has terminated.
Mono: successfully reloaded assembly
- Completed reload, in  0.836 seconds
Platform modules already initialized, skipping
Refreshing native plugins compatible for Editor in 0.19 ms, found 0 plugins.
Preloading 0 native plugins for Editor in 0.00 ms.
Unloading 1110 Unused Serialized files (Serialized files now loaded: 0)
System memory in use before: 56.9 MB.
System memory in use after: 57.0 MB.

Unloading 4 unused Assets to reduce memory usage. Loaded Objects now: 1577.
Total: 1.637500 ms (FindLiveObjects: 0.161800 ms CreateObjectMapping: 0.034100 ms MarkObjects: 1.397800 ms  DeleteObjects: 0.042200 ms)

========================================================================
Received Prepare
Registering precompiled user dll's ...
Registered in 0.000529 seconds.
Begin MonoManager ReloadAssembly
Native extension for WindowsStandalone target not found
Refreshing native plugins compatible for Editor in 0.19 ms, found 0 plugins.
Preloading 0 native plugins for Editor in 0.00 ms.
Invoked RoslynAnalysisRunner static constructor.
RoslynAnalysisRunner will not be running.
RoslynAnalysisRunner has terminated.
Mono: successfully reloaded assembly
- Completed reload, in  0.767 seconds
Platform modules already initialized, skipping
Refreshing native plugins compatible for Editor in 0.19 ms, found 0 plugins.
Preloading 0 native plugins for Editor in 0.00 ms.
Unloading 1110 Unused Serialized files (Serialized files now loaded: 0)
System memory in use before: 57.0 MB.
System memory in use after: 57.1 MB.

Unloading 4 unused Assets to reduce memory usage. Loaded Objects now: 1580.
Total: 1.779000 ms (FindLiveObjects: 0.128800 ms CreateObjectMapping: 0.080600 ms MarkObjects: 1.525300 ms  DeleteObjects: 0.043000 ms)

========================================================================
Received Import Request.
  Time since last request: 1552.699808 seconds.
  path: Assets/scripts/MonedaEspecial.cs
  artifactKey: Guid(25222d702caefdb4683172721a2a1eda) Importer(815301076,1909f56bfc062723c751e8b465ee728b)
Start importing Assets/scripts/MonedaEspecial.cs using Guid(25222d702caefdb4683172721a2a1eda) Importer(815301076,1909f56bfc062723c751e8b465ee728b)  -> (artifact id: '6c95e96903f8be5d7fb7633e7e5068e9') in 0.016111 seconds
  Import took 0.019070 seconds .

========================================================================
Received Prepare
Registering precompiled user dll's ...
Registered in 0.000552 seconds.
Begin MonoManager ReloadAssembly
Native extension for WindowsStandalone target not found
Refreshing native plugins compatible for Editor in 0.44 ms, found 0 plugins.
Preloading 0 native plugins for Editor in 0.00 ms.
Invoked RoslynAnalysisRunner static constructor.
RoslynAnalysisRunner will not be running.
RoslynAnalysisRunner has terminated.
Mono: successfully reloaded assembly
- Completed reload, in  0.800 seconds
Platform modules already initialized, skipping
Refreshing native plugins compatible for Editor in 0.20 ms, found 0 plugins.
Preloading 0 native plugins for Editor in 0.00 ms.
Unloading 1111 Unused Serialized files (Serialized files now loaded: 0)
System memory in use before: 57.0 MB.
System memory in use after: 57.1 MB.

Unloading 4 unused Assets to reduce memory usage. Loaded Objects now: 1584.
Total: 1.593400 ms (FindLiveObjects: 0.137600 ms CreateObjectMapping: 0.040700 ms MarkObjects: 1.400700 ms  DeleteObjects: 0.013300 ms)

========================================================================
Received Import Request.
  Time since last request: 38.554754 seconds.
  path: Assets/scripts/MonedaEspecial.cs
  artifactKey: Guid(25222d702caefdb4683172721a2a1eda) Importer(815301076,1909f56bfc062723c751e8b465ee728b)
Start importing Assets/scripts/MonedaEspecial.cs using Guid(25222d702caefdb4683172721a2a1eda) Importer(815301076,1909f56bfc062723c751e8b465ee728b)  -> (artifact id: '35405d37cf9b157a2e7a4d6e2ccebb19') in 0.005949 seconds
  Import took 0.008126 seconds .

========================================================================
Received Import Request.
  Time since last request: 0.023088 seconds.
  path: Assets/scripts/MonedaEspecial.cs
  artifactKey: Guid(25222d702caefdb4683172721a2a1eda) Importer(815301076,1909f56bfc062723c751e8b465ee728b)
Start importing Assets/scripts/MonedaEspecial.cs using Guid(25222d702caefdb4683172721a2a1eda) Importer(815301076,1909f56bfc062723c751e8b465ee728b)  -> (artifact id: '35405d37cf9b157a2e7a4d6e2ccebb19') in 0.007515 seconds
  Import took 0.010319 seconds .

========================================================================
Received Prepare
Registering precompiled user dll's ...
Registered in 0.000544 seconds.
Begin MonoManager ReloadAssembly
Native extension for WindowsStandalone target not found
Refreshing native plugins compatible for Editor in 0.19 ms, found 0 plugins.
Preloading 0 native plugins for Editor in 0.00 ms.
Invoked RoslynAnalysisRunner static constructor.
RoslynAnalysisRunner will not be running.
RoslynAnalysisRunner has terminated.
Mono: successfully reloaded assembly
- Completed reload, in  0.806 seconds
Platform modules already initialized, skipping
Refreshing native plugins compatible for Editor in 0.20 ms, found 0 plugins.
Preloading 0 native plugins for Editor in 0.00 ms.
Unloading 1111 Unused Serialized files (Serialized files now loaded: 0)
System memory in use before: 57.0 MB.
System memory in use after: 57.1 MB.

Unloading 4 unused Assets to reduce memory usage. Loaded Objects now: 1587.
Total: 1.609700 ms (FindLiveObjects: 0.121300 ms CreateObjectMapping: 0.033900 ms MarkObjects: 1.440900 ms  DeleteObjects: 0.012700 ms)

========================================================================
Received Prepare
Registering precompiled user dll's ...
Registered in 0.000547 seconds.
Begin MonoManager ReloadAssembly
Native extension for WindowsStandalone target not found
Refreshing native plugins compatible for Editor in 0.23 ms, found 0 plugins.
Preloading 0 native plugins for Editor in 0.00 ms.
Invoked RoslynAnalysisRunner static constructor.
RoslynAnalysisRunner will not be running.
RoslynAnalysisRunner has terminated.
Mono: successfully reloaded assembly
- Completed reload, in  1.451 seconds
Platform modules already initialized, skipping
Refreshing native plugins compatible for Editor in 0.20 ms, found 0 plugins.
Preloading 0 native plugins for Editor in 0.00 ms.
Unloading 1111 Unused Serialized files (Serialized files now loaded: 0)
System memory in use before: 57.0 MB.
System memory in use after: 57.1 MB.

Unloading 4 unused Assets to reduce memory usage. Loaded Objects now: 1590.
Total: 1.731100 ms (FindLiveObjects: 0.126000 ms CreateObjectMapping: 0.041500 ms MarkObjects: 1.548300 ms  DeleteObjects: 0.013900 ms)

========================================================================
Received Import Request.
  Time since last request: 266.710076 seconds.
  path: Assets/scripts/MonedaEspecial.cs
  artifactKey: Guid(25222d702caefdb4683172721a2a1eda) Importer(815301076,1909f56bfc062723c751e8b465ee728b)
Start importing Assets/scripts/MonedaEspecial.cs using Guid(25222d702caefdb4683172721a2a1eda) Importer(815301076,1909f56bfc062723c751e8b465ee728b)  -> (artifact id: 'e36c9f6a27a238e9fb80b539cc2060e1') in 0.004952 seconds
  Import took 0.007405 seconds .

========================================================================
Received Import Request.
  Time since last request: 0.000942 seconds.
  path: Assets/scripts/MonedaEspecial.cs
  artifactKey: Guid(25222d702caefdb4683172721a2a1eda) Importer(815301076,1909f56bfc062723c751e8b465ee728b)
Start importing Assets/scripts/MonedaEspecial.cs using Guid(25222d702caefdb4683172721a2a1eda) Importer(815301076,1909f56bfc062723c751e8b465ee728b)  -> (artifact id: 'e36c9f6a27a238e9fb80b539cc2060e1') in 0.003023 seconds
  Import took 0.004972 seconds .

========================================================================
Received Prepare
Registering precompiled user dll's ...
Registered in 0.000532 seconds.
Begin MonoManager ReloadAssembly
Native extension for WindowsStandalone target not found
Refreshing native plugins compatible for Editor in 0.19 ms, found 0 plugins.
Preloading 0 native plugins for Editor in 0.00 ms.
Invoked RoslynAnalysisRunner static constructor.
RoslynAnalysisRunner will not be running.
RoslynAnalysisRunner has terminated.
Mono: successfully reloaded assembly
- Completed reload, in  0.800 seconds
Platform modules already initialized, skipping
Refreshing native plugins compatible for Editor in 0.20 ms, found 0 plugins.
Preloading 0 native plugins for Editor in 0.00 ms.
Unloading 1111 Unused Serialized files (Serialized files now loaded: 0)
System memory in use before: 57.0 MB.
System memory in use after: 57.1 MB.

Unloading 4 unused Assets to reduce memory usage. Loaded Objects now: 1593.
Total: 1.708300 ms (FindLiveObjects: 0.124400 ms CreateObjectMapping: 0.036100 ms MarkObjects: 1.502800 ms  DeleteObjects: 0.043400 ms)

========================================================================
Received Prepare
Registering precompiled user dll's ...
Registered in 0.000522 seconds.
Begin MonoManager ReloadAssembly
Native extension for WindowsStandalone target not found
Refreshing native plugins compatible for Editor in 0.19 ms, found 0 plugins.
Preloading 0 native plugins for Editor in 0.00 ms.
Invoked RoslynAnalysisRunner static constructor.
RoslynAnalysisRunner will not be running.
RoslynAnalysisRunner has terminated.
Mono: successfully reloaded assembly
- Completed reload, in  0.778 seconds
Platform modules already initialized, skipping
Refreshing native plugins compatible for Editor in 0.20 ms, found 0 plugins.
Preloading 0 native plugins for Editor in 0.00 ms.
Unloading 1111 Unused Serialized files (Serialized files now loaded: 0)
System memory in use before: 57.0 MB.
System memory in use after: 57.1 MB.

Unloading 4 unused Assets to reduce memory usage. Loaded Objects now: 1596.
Total: 1.694400 ms (FindLiveObjects: 0.137900 ms CreateObjectMapping: 0.045700 ms MarkObjects: 1.496700 ms  DeleteObjects: 0.012800 ms)

========================================================================
Received Prepare
Registering precompiled user dll's ...
Registered in 0.000504 seconds.
Begin MonoManager ReloadAssembly
Native extension for WindowsStandalone target not found
Refreshing native plugins compatible for Editor in 0.20 ms, found 0 plugins.
Preloading 0 native plugins for Editor in 0.00 ms.
Invoked RoslynAnalysisRunner static constructor.
RoslynAnalysisRunner will not be running.
RoslynAnalysisRunner has terminated.
Mono: successfully reloaded assembly
- Completed reload, in  0.793 seconds
Platform modules already initialized, skipping
Refreshing native plugins compatible for Editor in 0.19 ms, found 0 plugins.
Preloading 0 native plugins for Editor in 0.00 ms.
Unloading 1111 Unused Serialized files (Serialized files now loaded: 0)
System memory in use before: 57.0 MB.
System memory in use after: 57.1 MB.

Unloading 4 unused Assets to reduce memory usage. Loaded Objects now: 1599.
Total: 1.668800 ms (FindLiveObjects: 0.123800 ms CreateObjectMapping: 0.043900 ms MarkObjects: 1.487400 ms  DeleteObjects: 0.012500 ms)

========================================================================
Received Import Request.
  Time since last request: 561.811805 seconds.
  path: Assets/scripts/MonedaEspecial.cs
  artifactKey: Guid(25222d702caefdb4683172721a2a1eda) Importer(815301076,1909f56bfc062723c751e8b465ee728b)
Start importing Assets/scripts/MonedaEspecial.cs using Guid(25222d702caefdb4683172721a2a1eda) Importer(815301076,1909f56bfc062723c751e8b465ee728b)  -> (artifact id: '5a2caeccfae7523e57bc9fcc265df871') in 0.005859 seconds
  Import took 0.008289 seconds .

========================================================================
Received Import Request.
  Time since last request: 277.219483 seconds.
  path: Assets/Prefabs
  artifactKey: Guid(e91a02274097cb84f8d4366ede8e3af8) Importer(815301076,1909f56bfc062723c751e8b465ee728b)
Start importing Assets/Prefabs using Guid(e91a02274097cb84f8d4366ede8e3af8) Importer(815301076,1909f56bfc062723c751e8b465ee728b)  -> (artifact id: 'a335efb188c5b9ff3240e9f5a1833e9a') in 0.010623 seconds
  Import took 0.012971 seconds .

========================================================================
Received Import Request.
  Time since last request: 37.766913 seconds.
  path: Assets/Prefabs/Coin.prefab
  artifactKey: Guid(05353ca856433d543b317a68ad8c202b) Importer(815301076,1909f56bfc062723c751e8b465ee728b)
Start importing Assets/Prefabs/Coin.prefab using Guid(05353ca856433d543b317a68ad8c202b) Importer(815301076,1909f56bfc062723c751e8b465ee728b)  -> (artifact id: '8a207a54bfafee2c25c0c1ddd4bb4656') in 0.136631 seconds
  Import took 0.138909 seconds .

========================================================================
Received Import Request.
  Time since last request: 4.694243 seconds.
  path: Assets/Prefabs/moneda especial.prefab
  artifactKey: Guid(0f26a7e5fccc1b04a8afe614957a253b) Importer(815301076,1909f56bfc062723c751e8b465ee728b)
Start importing Assets/Prefabs/moneda especial.prefab using Guid(0f26a7e5fccc1b04a8afe614957a253b) Importer(815301076,1909f56bfc062723c751e8b465ee728b)  -> (artifact id: '68d7a51c01f8220f42e89c18f5dcc4eb') in 0.014463 seconds
  Import took 0.016588 seconds .

========================================================================
Received Import Request.
  Time since last request: 0.003417 seconds.
  path: Assets/Prefabs/moneda especial.prefab
  artifactKey: Guid(0f26a7e5fccc1b04a8afe614957a253b) Importer(815301076,1909f56bfc062723c751e8b465ee728b)
Start importing Assets/Prefabs/moneda especial.prefab using Guid(0f26a7e5fccc1b04a8afe614957a253b) Importer(815301076,1909f56bfc062723c751e8b465ee728b)  -> (artifact id: '68d7a51c01f8220f42e89c18f5dcc4eb') in 0.009143 seconds
  Import took 0.011325 seconds .

========================================================================
Received Import Request.
  Time since last request: 39.072184 seconds.
  path: Assets/materials/New Material 1.mat
  artifactKey: Guid(d7b14c19a8869cf4c9588d64cf97a4ad) Importer(815301076,1909f56bfc062723c751e8b465ee728b)
Start importing Assets/materials/New Material 1.mat using Guid(d7b14c19a8869cf4c9588d64cf97a4ad) Importer(815301076,1909f56bfc062723c751e8b465ee728b)  -> (artifact id: '6fb06a10b87e4bd79792e41cad4d019b') in 0.039532 seconds
  Import took 0.041748 seconds .

========================================================================
Received Import Request.
  Time since last request: 49.470471 seconds.
  path: Assets/Prefabs/Coin.prefab
  artifactKey: Guid(05353ca856433d543b317a68ad8c202b) Importer(815301076,1909f56bfc062723c751e8b465ee728b)
Start importing Assets/Prefabs/Coin.prefab using Guid(05353ca856433d543b317a68ad8c202b) Importer(815301076,1909f56bfc062723c751e8b465ee728b)  -> (artifact id: 'e49d186a48edb33cc999f5d948406b6c') in 0.013576 seconds
  Import took 0.016062 seconds .

========================================================================
Received Import Request.
  Time since last request: 0.001362 seconds.
  path: Assets/Prefabs/Coin.prefab
  artifactKey: Guid(05353ca856433d543b317a68ad8c202b) Importer(815301076,1909f56bfc062723c751e8b465ee728b)
Start importing Assets/Prefabs/Coin.prefab using Guid(05353ca856433d543b317a68ad8c202b) Importer(815301076,1909f56bfc062723c751e8b465ee728b)  -> (artifact id: 'e49d186a48edb33cc999f5d948406b6c') in 0.009921 seconds
  Import took 0.011983 seconds .

========================================================================
Received Import Request.
  Time since last request: 1.745574 seconds.
  path: Assets/Prefabs/moneda especial.prefab
  artifactKey: Guid(0f26a7e5fccc1b04a8afe614957a253b) Importer(815301076,1909f56bfc062723c751e8b465ee728b)
Start importing Assets/Prefabs/moneda especial.prefab using Guid(0f26a7e5fccc1b04a8afe614957a253b) Importer(815301076,1909f56bfc062723c751e8b465ee728b)  -> (artifact id: '5c22b79af8102ebd422826a020562813') in 0.013335 seconds
  Import took 0.016234 seconds .

========================================================================
Received Import Request.
  Time since last request: 2540.569378 seconds.
  path: Assets/scripts/PlayerBehaviour.cs
  artifactKey: Guid(75d70207a21bc4e47b4d3c1e9571abea) Importer(815301076,1909f56bfc062723c751e8b465ee728b)
Start importing Assets/scripts/PlayerBehaviour.cs using Guid(75d70207a21bc4e47b4d3c1e9571abea) Importer(815301076,1909f56bfc062723c751e8b465ee728b)  -> (artifact id: '5aec4aad770f55b2958363954cfde882') in 0.011938 seconds
  Import took 0.015369 seconds .

========================================================================
Received Prepare
Registering precompiled user dll's ...
Registered in 0.000535 seconds.
Begin MonoManager ReloadAssembly
Native extension for WindowsStandalone target not found
Refreshing native plugins compatible for Editor in 0.20 ms, found 0 plugins.
Preloading 0 native plugins for Editor in 0.00 ms.
Invoked RoslynAnalysisRunner static constructor.
RoslynAnalysisRunner will not be running.
RoslynAnalysisRunner has terminated.
Mono: successfully reloaded assembly
- Completed reload, in  0.792 seconds
Platform modules already initialized, skipping
Refreshing native plugins compatible for Editor in 0.20 ms, found 0 plugins.
Preloading 0 native plugins for Editor in 0.00 ms.
Unloading 1123 Unused Serialized files (Serialized files now loaded: 0)
System memory in use before: 62.1 MB.
System memory in use after: 61.6 MB.

Unloading 18 unused Assets to reduce memory usage. Loaded Objects now: 1642.
Total: 1.875100 ms (FindLiveObjects: 0.122000 ms CreateObjectMapping: 0.038800 ms MarkObjects: 1.397200 ms  DeleteObjects: 0.316200 ms)

========================================================================
Received Prepare
Registering precompiled user dll's ...
Registered in 0.001446 seconds.
Begin MonoManager ReloadAssembly
Native extension for WindowsStandalone target not found
Refreshing native plugins compatible for Editor in 0.20 ms, found 0 plugins.
Preloading 0 native plugins for Editor in 0.00 ms.
Invoked RoslynAnalysisRunner static constructor.
RoslynAnalysisRunner will not be running.
RoslynAnalysisRunner has terminated.
Mono: successfully reloaded assembly
- Completed reload, in  0.826 seconds
Platform modules already initialized, skipping
Refreshing native plugins compatible for Editor in 0.20 ms, found 0 plugins.
Preloading 0 native plugins for Editor in 0.00 ms.
Unloading 1123 Unused Serialized files (Serialized files now loaded: 0)
System memory in use before: 62.1 MB.
System memory in use after: 61.6 MB.

Unloading 17 unused Assets to reduce memory usage. Loaded Objects now: 1645.
Total: 2.031600 ms (FindLiveObjects: 0.157700 ms CreateObjectMapping: 0.037800 ms MarkObjects: 1.497500 ms  DeleteObjects: 0.337000 ms)

AssetImportWorkerClient::OnTransportError - code=2 error=End of file
