Using pre-set license
Built from '2020.3/staging' branch; Version is '2020.3.0f1 (c7b5465681fb) revision 13088070'; Using compiler version '192528614'; Build Type 'Release'
OS: 'Windows 10 Home; OS build 22631.4169; Version 2009; 64bit' Language: 'es' Physical Memory: 14188 MB
BatchMode: 1, IsHumanControllingUs: 0, StartBugReporterOnCrash: 0, Is64bit: 1, IsPro: 0

 COMMAND LINE ARGUMENTS:
C:\Program Files\Unity\Hub\Editor\2020.3.0f1\Editor\Unity.exe
-adb2
-batchMode
-noUpm
-name
AssetImportWorker0
-projectPath
C:/Users/abbul/Downloads/PROGRAMACION/PROGRAMACION/My project
-logFile
Logs/AssetImportWorker0.log
-srvPort
65235
Successfully changed project path to: C:/Users/abbul/Downloads/PROGRAMACION/PROGRAMACION/My project
C:/Users/abbul/Downloads/PROGRAMACION/PROGRAMACION/My project
Using Asset Import Pipeline V2.
Refreshing native plugins compatible for Editor in 20.37 ms, found 0 plugins.
Preloading 0 native plugins for Editor in 0.00 ms.
Initialize engine version: 2020.3.0f1 (c7b5465681fb)
[Subsystems] Discovering subsystems at path C:/Program Files/Unity/Hub/Editor/2020.3.0f1/Editor/Data/Resources/UnitySubsystems
[Subsystems] Discovering subsystems at path C:/Users/abbul/Downloads/PROGRAMACION/PROGRAMACION/My project/Assets
GfxDevice: creating device client; threaded=0
Direct3D:
    Version:  Direct3D 11.0 [level 11.1]
    Renderer: NVIDIA GeForce RTX 3050 Ti Laptop GPU (ID=0x25a0)
    Vendor:   
    VRAM:     3965 MB
    Driver:   32.0.15.5599
Initialize mono
Mono path[0] = 'C:/Program Files/Unity/Hub/Editor/2020.3.0f1/Editor/Data/Managed'
Mono path[1] = 'C:/Program Files/Unity/Hub/Editor/2020.3.0f1/Editor/Data/MonoBleedingEdge/lib/mono/unityjit'
Mono config path = 'C:/Program Files/Unity/Hub/Editor/2020.3.0f1/Editor/Data/MonoBleedingEdge/etc'
Using monoOptions --debugger-agent=transport=dt_socket,embedding=1,server=y,suspend=n,address=127.0.0.1:56264
Begin MonoManager ReloadAssembly
Registering precompiled unity dll's ...
Register platform support module: C:/Program Files/Unity/Hub/Editor/2020.3.0f1/Editor/Data/PlaybackEngines/WindowsStandaloneSupport/UnityEditor.WindowsStandalone.Extensions.dll
Registered in 0.002242 seconds.
Native extension for WindowsStandalone target not found
Refreshing native plugins compatible for Editor in 17.72 ms, found 0 plugins.
Preloading 0 native plugins for Editor in 0.00 ms.
Invoked RoslynAnalysisRunner static constructor.
RoslynAnalysisRunner will not be running.
RoslynAnalysisRunner has terminated.
Mono: successfully reloaded assembly
- Completed reload, in  2.089 seconds
Platform modules already initialized, skipping
Registering precompiled user dll's ...
Registered in 0.000810 seconds.
Begin MonoManager ReloadAssembly
Native extension for WindowsStandalone target not found
Refreshing native plugins compatible for Editor in 0.20 ms, found 0 plugins.
Preloading 0 native plugins for Editor in 0.00 ms.
Invoked RoslynAnalysisRunner static constructor.
RoslynAnalysisRunner will not be running.
RoslynAnalysisRunner has terminated.
Mono: successfully reloaded assembly
- Completed reload, in  0.655 seconds
Platform modules already initialized, skipping
========================================================================
Worker process is ready to serve import requests
Launched and connected shader compiler UnityShaderCompiler.exe after 0.04 seconds
Refreshing native plugins compatible for Editor in 0.21 ms, found 0 plugins.
Preloading 0 native plugins for Editor in 0.00 ms.
Unloading 1116 Unused Serialized files (Serialized files now loaded: 0)
System memory in use before: 56.9 MB.
System memory in use after: 57.0 MB.

Unloading 9 unused Assets to reduce memory usage. Loaded Objects now: 1559.
Total: 2.423800 ms (FindLiveObjects: 0.173700 ms CreateObjectMapping: 0.037600 ms MarkObjects: 2.137900 ms  DeleteObjects: 0.073300 ms)

========================================================================
Received Import Request.
  path: Assets/scripts/PlayerBehaviour.cs
  artifactKey: Guid(75d70207a21bc4e47b4d3c1e9571abea) Importer(815301076,1909f56bfc062723c751e8b465ee728b)
Start importing Assets/scripts/PlayerBehaviour.cs using Guid(75d70207a21bc4e47b4d3c1e9571abea) Importer(815301076,1909f56bfc062723c751e8b465ee728b)  -> (artifact id: '7b7ce73985f24b37b54da8ef199e2e12') in 0.034734 seconds
  Import took 0.036686 seconds .

========================================================================
Received Import Request.
  Time since last request: 58.181606 seconds.
  path: Assets/scripts/PlayerBehaviour.cs
  artifactKey: Guid(75d70207a21bc4e47b4d3c1e9571abea) Importer(815301076,1909f56bfc062723c751e8b465ee728b)
Start importing Assets/scripts/PlayerBehaviour.cs using Guid(75d70207a21bc4e47b4d3c1e9571abea) Importer(815301076,1909f56bfc062723c751e8b465ee728b)  -> (artifact id: '401e32e64b84efb1f20e3ae1dc6cb589') in 0.002142 seconds
  Import took 0.004194 seconds .

========================================================================
Received Import Request.
  Time since last request: 31.175416 seconds.
  path: Assets/scripts/BoinVeaidiour.unity
  artifactKey: Guid(126670d72236c8f40833db9334c92397) Importer(815301076,1909f56bfc062723c751e8b465ee728b)
Start importing Assets/scripts/BoinVeaidiour.unity using Guid(126670d72236c8f40833db9334c92397) Importer(815301076,1909f56bfc062723c751e8b465ee728b)  -> (artifact id: '40a8f450f06f0e15bb43726bdd9e7543') in 0.009598 seconds
  Import took 0.011491 seconds .

========================================================================
Received Import Request.
  Time since last request: 117.526048 seconds.
  path: Assets/Scenes
  artifactKey: Guid(afeb3ba7c773ab04b8f771d42a4f9759) Importer(815301076,1909f56bfc062723c751e8b465ee728b)
Start importing Assets/Scenes using Guid(afeb3ba7c773ab04b8f771d42a4f9759) Importer(815301076,1909f56bfc062723c751e8b465ee728b)  -> (artifact id: '00c7256084eb523951c3eb49c52a34a5') in 0.002149 seconds
  Import took 0.003770 seconds .

========================================================================
Received Import Request.
  Time since last request: 123.306033 seconds.
  path: Assets/scripts/Player.cs
  artifactKey: Guid(560271fb209e9544c963cbabce8cd03d) Importer(815301076,1909f56bfc062723c751e8b465ee728b)
Start importing Assets/scripts/Player.cs using Guid(560271fb209e9544c963cbabce8cd03d) Importer(815301076,1909f56bfc062723c751e8b465ee728b)  -> (artifact id: '971f8062f1ee1d1817e6f1ffa9acaeb3') in 0.002819 seconds
  Import took 0.004998 seconds .

========================================================================
Received Import Request.
  Time since last request: 47.673033 seconds.
  path: Assets/scripts/Player.cs
  artifactKey: Guid(560271fb209e9544c963cbabce8cd03d) Importer(815301076,1909f56bfc062723c751e8b465ee728b)
Start importing Assets/scripts/Player.cs using Guid(560271fb209e9544c963cbabce8cd03d) Importer(815301076,1909f56bfc062723c751e8b465ee728b)  -> (artifact id: 'e05cf36c3a938897df5b4299077ea076') in 0.002203 seconds
  Import took 0.004217 seconds .

========================================================================
Received Prepare
Registering precompiled user dll's ...
Registered in 0.000612 seconds.
Begin MonoManager ReloadAssembly
Native extension for WindowsStandalone target not found
Refreshing native plugins compatible for Editor in 0.21 ms, found 0 plugins.
Preloading 0 native plugins for Editor in 0.00 ms.
Invoked RoslynAnalysisRunner static constructor.
RoslynAnalysisRunner will not be running.
RoslynAnalysisRunner has terminated.
Mono: successfully reloaded assembly
- Completed reload, in  0.595 seconds
Platform modules already initialized, skipping
Refreshing native plugins compatible for Editor in 0.28 ms, found 0 plugins.
Preloading 0 native plugins for Editor in 0.00 ms.
Unloading 1109 Unused Serialized files (Serialized files now loaded: 0)
System memory in use before: 56.8 MB.
System memory in use after: 56.9 MB.

Unloading 5 unused Assets to reduce memory usage. Loaded Objects now: 1561.
Total: 1.582600 ms (FindLiveObjects: 0.139000 ms CreateObjectMapping: 0.043800 ms MarkObjects: 1.377300 ms  DeleteObjects: 0.021100 ms)

========================================================================
Received Prepare
Registering precompiled user dll's ...
Registered in 0.000655 seconds.
Begin MonoManager ReloadAssembly
Native extension for WindowsStandalone target not found
Refreshing native plugins compatible for Editor in 0.21 ms, found 0 plugins.
Preloading 0 native plugins for Editor in 0.00 ms.
Invoked RoslynAnalysisRunner static constructor.
RoslynAnalysisRunner will not be running.
RoslynAnalysisRunner has terminated.
Mono: successfully reloaded assembly
- Completed reload, in  0.618 seconds
Platform modules already initialized, skipping
Refreshing native plugins compatible for Editor in 0.23 ms, found 0 plugins.
Preloading 0 native plugins for Editor in 0.00 ms.
Unloading 1109 Unused Serialized files (Serialized files now loaded: 0)
System memory in use before: 56.8 MB.
System memory in use after: 56.9 MB.

Unloading 4 unused Assets to reduce memory usage. Loaded Objects now: 1564.
Total: 1.626800 ms (FindLiveObjects: 0.130800 ms CreateObjectMapping: 0.051200 ms MarkObjects: 1.429800 ms  DeleteObjects: 0.013900 ms)

========================================================================
Received Prepare
Registering precompiled user dll's ...
Registered in 0.000831 seconds.
Begin MonoManager ReloadAssembly
Native extension for WindowsStandalone target not found
Refreshing native plugins compatible for Editor in 0.27 ms, found 0 plugins.
Preloading 0 native plugins for Editor in 0.00 ms.
Invoked RoslynAnalysisRunner static constructor.
RoslynAnalysisRunner will not be running.
RoslynAnalysisRunner has terminated.
Mono: successfully reloaded assembly
- Completed reload, in  0.690 seconds
Platform modules already initialized, skipping
Refreshing native plugins compatible for Editor in 0.22 ms, found 0 plugins.
Preloading 0 native plugins for Editor in 0.00 ms.
Unloading 1109 Unused Serialized files (Serialized files now loaded: 0)
System memory in use before: 56.8 MB.
System memory in use after: 56.9 MB.

Unloading 4 unused Assets to reduce memory usage. Loaded Objects now: 1567.
Total: 1.692100 ms (FindLiveObjects: 0.206500 ms CreateObjectMapping: 0.043800 ms MarkObjects: 1.422600 ms  DeleteObjects: 0.018100 ms)

========================================================================
Received Import Request.
  Time since last request: 955.783870 seconds.
  path: Assets/scripts/BoinBehaviour.cs
  artifactKey: Guid(4f92f63df0bbf4e4eb6d535cdbcc0b5d) Importer(815301076,1909f56bfc062723c751e8b465ee728b)
Start importing Assets/scripts/BoinBehaviour.cs using Guid(4f92f63df0bbf4e4eb6d535cdbcc0b5d) Importer(815301076,1909f56bfc062723c751e8b465ee728b)  -> (artifact id: '299f73b5800b97227c6dc82e3bea21d9') in 0.012403 seconds
  Import took 0.016028 seconds .

========================================================================
Received Import Request.
  Time since last request: 0.003728 seconds.
  path: Assets/scripts/BoinBehaviour.cs
  artifactKey: Guid(4f92f63df0bbf4e4eb6d535cdbcc0b5d) Importer(815301076,1909f56bfc062723c751e8b465ee728b)
Start importing Assets/scripts/BoinBehaviour.cs using Guid(4f92f63df0bbf4e4eb6d535cdbcc0b5d) Importer(815301076,1909f56bfc062723c751e8b465ee728b)  -> (artifact id: '299f73b5800b97227c6dc82e3bea21d9') in 0.003576 seconds
  Import took 0.011072 seconds .

========================================================================
Received Prepare
Registering precompiled user dll's ...
Registered in 0.000633 seconds.
Begin MonoManager ReloadAssembly
Native extension for WindowsStandalone target not found
Refreshing native plugins compatible for Editor in 0.70 ms, found 0 plugins.
Preloading 0 native plugins for Editor in 0.00 ms.
Invoked RoslynAnalysisRunner static constructor.
RoslynAnalysisRunner will not be running.
RoslynAnalysisRunner has terminated.
Mono: successfully reloaded assembly
- Completed reload, in  0.616 seconds
Platform modules already initialized, skipping
Refreshing native plugins compatible for Editor in 0.20 ms, found 0 plugins.
Preloading 0 native plugins for Editor in 0.00 ms.
Unloading 1110 Unused Serialized files (Serialized files now loaded: 0)
System memory in use before: 56.9 MB.
System memory in use after: 57.0 MB.

Unloading 4 unused Assets to reduce memory usage. Loaded Objects now: 1571.
Total: 2.227900 ms (FindLiveObjects: 0.205400 ms CreateObjectMapping: 0.063800 ms MarkObjects: 1.939800 ms  DeleteObjects: 0.017600 ms)

========================================================================
Received Prepare
Registering precompiled user dll's ...
Registered in 0.000737 seconds.
Begin MonoManager ReloadAssembly
Native extension for WindowsStandalone target not found
Refreshing native plugins compatible for Editor in 0.22 ms, found 0 plugins.
Preloading 0 native plugins for Editor in 0.00 ms.
Invoked RoslynAnalysisRunner static constructor.
RoslynAnalysisRunner will not be running.
RoslynAnalysisRunner has terminated.
Mono: successfully reloaded assembly
- Completed reload, in  0.586 seconds
Platform modules already initialized, skipping
Refreshing native plugins compatible for Editor in 0.20 ms, found 0 plugins.
Preloading 0 native plugins for Editor in 0.00 ms.
Unloading 1110 Unused Serialized files (Serialized files now loaded: 0)
System memory in use before: 56.9 MB.
System memory in use after: 57.0 MB.

Unloading 4 unused Assets to reduce memory usage. Loaded Objects now: 1574.
Total: 1.606000 ms (FindLiveObjects: 0.213000 ms CreateObjectMapping: 0.046000 ms MarkObjects: 1.330000 ms  DeleteObjects: 0.016000 ms)

========================================================================
Received Import Request.
  Time since last request: 243.072921 seconds.
  path: Assets/scripts/BoinBehaviour.cs
  artifactKey: Guid(4f92f63df0bbf4e4eb6d535cdbcc0b5d) Importer(815301076,1909f56bfc062723c751e8b465ee728b)
Start importing Assets/scripts/BoinBehaviour.cs using Guid(4f92f63df0bbf4e4eb6d535cdbcc0b5d) Importer(815301076,1909f56bfc062723c751e8b465ee728b)  -> (artifact id: 'ea2ebec96c65a377573bd8d58e729276') in 0.004126 seconds
  Import took 0.005803 seconds .

========================================================================
Received Prepare
Registering precompiled user dll's ...
Registered in 0.001115 seconds.
Begin MonoManager ReloadAssembly
Native extension for WindowsStandalone target not found
Refreshing native plugins compatible for Editor in 0.21 ms, found 0 plugins.
Preloading 0 native plugins for Editor in 0.00 ms.
Invoked RoslynAnalysisRunner static constructor.
RoslynAnalysisRunner will not be running.
RoslynAnalysisRunner has terminated.
Mono: successfully reloaded assembly
- Completed reload, in  0.624 seconds
Platform modules already initialized, skipping
Refreshing native plugins compatible for Editor in 0.20 ms, found 0 plugins.
Preloading 0 native plugins for Editor in 0.00 ms.
Unloading 1110 Unused Serialized files (Serialized files now loaded: 0)
System memory in use before: 56.9 MB.
System memory in use after: 57.0 MB.

Unloading 4 unused Assets to reduce memory usage. Loaded Objects now: 1577.
Total: 1.781200 ms (FindLiveObjects: 0.207200 ms CreateObjectMapping: 0.056000 ms MarkObjects: 1.500100 ms  DeleteObjects: 0.016600 ms)

========================================================================
Received Import Request.
  Time since last request: 354.044886 seconds.
  path: Assets/scripts/BoinBehaviour.cs
  artifactKey: Guid(4f92f63df0bbf4e4eb6d535cdbcc0b5d) Importer(815301076,1909f56bfc062723c751e8b465ee728b)
Start importing Assets/scripts/BoinBehaviour.cs using Guid(4f92f63df0bbf4e4eb6d535cdbcc0b5d) Importer(815301076,1909f56bfc062723c751e8b465ee728b)  -> (artifact id: '0c32e6415c88f2381fc874c889abe0b4') in 0.004064 seconds
  Import took 0.006000 seconds .

========================================================================
Received Prepare
Registering precompiled user dll's ...
Registered in 0.000728 seconds.
Begin MonoManager ReloadAssembly
Native extension for WindowsStandalone target not found
Refreshing native plugins compatible for Editor in 0.21 ms, found 0 plugins.
Preloading 0 native plugins for Editor in 0.00 ms.
Invoked RoslynAnalysisRunner static constructor.
RoslynAnalysisRunner will not be running.
RoslynAnalysisRunner has terminated.
Mono: successfully reloaded assembly
- Completed reload, in  0.610 seconds
Platform modules already initialized, skipping
Refreshing native plugins compatible for Editor in 0.21 ms, found 0 plugins.
Preloading 0 native plugins for Editor in 0.00 ms.
Unloading 1110 Unused Serialized files (Serialized files now loaded: 0)
System memory in use before: 56.9 MB.
System memory in use after: 57.0 MB.

Unloading 4 unused Assets to reduce memory usage. Loaded Objects now: 1580.
Total: 1.584700 ms (FindLiveObjects: 0.132000 ms CreateObjectMapping: 0.034500 ms MarkObjects: 1.399900 ms  DeleteObjects: 0.017200 ms)

========================================================================
Received Prepare
Registering precompiled user dll's ...
Registered in 0.000691 seconds.
Begin MonoManager ReloadAssembly
Native extension for WindowsStandalone target not found
Refreshing native plugins compatible for Editor in 0.21 ms, found 0 plugins.
Preloading 0 native plugins for Editor in 0.00 ms.
Invoked RoslynAnalysisRunner static constructor.
RoslynAnalysisRunner will not be running.
RoslynAnalysisRunner has terminated.
Mono: successfully reloaded assembly
- Completed reload, in  0.630 seconds
Platform modules already initialized, skipping
Refreshing native plugins compatible for Editor in 0.21 ms, found 0 plugins.
Preloading 0 native plugins for Editor in 0.00 ms.
Unloading 1110 Unused Serialized files (Serialized files now loaded: 0)
System memory in use before: 56.9 MB.
System memory in use after: 57.0 MB.

Unloading 4 unused Assets to reduce memory usage. Loaded Objects now: 1583.
Total: 2.510300 ms (FindLiveObjects: 0.236000 ms CreateObjectMapping: 0.074100 ms MarkObjects: 2.164600 ms  DeleteObjects: 0.034100 ms)

AssetImportWorkerClient::OnTransportError - code=2 error=End of file
