Using pre-set license
Built from '2020.3/staging' branch; Version is '2020.3.0f1 (c7b5465681fb) revision 13088070'; Using compiler version '192528614'; Build Type 'Release'
OS: 'Windows 10 Pro; OS build 19045.4894; Version 2009; 64bit' Language: 'es' Physical Memory: 16321 MB
BatchMode: 1, IsHumanControllingUs: 0, StartBugReporterOnCrash: 0, Is64bit: 1, IsPro: 0

 COMMAND LINE ARGUMENTS:
C:\Program Files\Unity\Hub\Editor\2020.3.0f1\Editor\Unity.exe
-adb2
-batchMode
-noUpm
-name
AssetImportWorker0
-projectPath
D:/IBRAIN/PROGRAMACION/PROGRAMACION-1/PRACTICA 1 - LABERINTO
-logFile
Logs/AssetImportWorker0.log
-srvPort
62151
Successfully changed project path to: D:/IBRAIN/PROGRAMACION/PROGRAMACION-1/PRACTICA 1 - LABERINTO
D:/IBRAIN/PROGRAMACION/PROGRAMACION-1/PRACTICA 1 - LABERINTO
Using Asset Import Pipeline V2.
Refreshing native plugins compatible for Editor in 24.14 ms, found 0 plugins.
Preloading 0 native plugins for Editor in 0.00 ms.
Initialize engine version: 2020.3.0f1 (c7b5465681fb)
[Subsystems] Discovering subsystems at path C:/Program Files/Unity/Hub/Editor/2020.3.0f1/Editor/Data/Resources/UnitySubsystems
[Subsystems] Discovering subsystems at path D:/IBRAIN/PROGRAMACION/PROGRAMACION-1/PRACTICA 1 - LABERINTO/Assets
GfxDevice: creating device client; threaded=0
Direct3D:
    Version:  Direct3D 11.0 [level 11.0]
    Renderer: NVIDIA GeForce GT 730 (ID=0x1287)
    Vendor:   
    VRAM:     4052 MB
    Driver:   27.21.14.6677
Initialize mono
Mono path[0] = 'C:/Program Files/Unity/Hub/Editor/2020.3.0f1/Editor/Data/Managed'
Mono path[1] = 'C:/Program Files/Unity/Hub/Editor/2020.3.0f1/Editor/Data/MonoBleedingEdge/lib/mono/unityjit'
Mono config path = 'C:/Program Files/Unity/Hub/Editor/2020.3.0f1/Editor/Data/MonoBleedingEdge/etc'
Using monoOptions --debugger-agent=transport=dt_socket,embedding=1,server=y,suspend=n,address=127.0.0.1:56124
Begin MonoManager ReloadAssembly
Registering precompiled unity dll's ...
Register platform support module: C:/Program Files/Unity/Hub/Editor/2020.3.0f1/Editor/Data/PlaybackEngines/WindowsStandaloneSupport/UnityEditor.WindowsStandalone.Extensions.dll
Registered in 0.002165 seconds.
Native extension for WindowsStandalone target not found
Refreshing native plugins compatible for Editor in 22.98 ms, found 0 plugins.
Preloading 0 native plugins for Editor in 0.00 ms.
Invoked RoslynAnalysisRunner static constructor.
RoslynAnalysisRunner will not be running.
RoslynAnalysisRunner has terminated.
Mono: successfully reloaded assembly
- Completed reload, in  1.044 seconds
Platform modules already initialized, skipping
Registering precompiled user dll's ...
Registered in 0.000535 seconds.
Begin MonoManager ReloadAssembly
Native extension for WindowsStandalone target not found
Refreshing native plugins compatible for Editor in 0.19 ms, found 0 plugins.
Preloading 0 native plugins for Editor in 0.00 ms.
Invoked RoslynAnalysisRunner static constructor.
RoslynAnalysisRunner will not be running.
RoslynAnalysisRunner has terminated.
Mono: successfully reloaded assembly
- Completed reload, in  0.860 seconds
Platform modules already initialized, skipping
========================================================================
Worker process is ready to serve import requests
Launched and connected shader compiler UnityShaderCompiler.exe after 0.04 seconds
Refreshing native plugins compatible for Editor in 0.19 ms, found 0 plugins.
Preloading 0 native plugins for Editor in 0.00 ms.
Unloading 1113 Unused Serialized files (Serialized files now loaded: 0)
System memory in use before: 56.9 MB.
System memory in use after: 57.0 MB.

Unloading 9 unused Assets to reduce memory usage. Loaded Objects now: 1556.
Total: 1.778000 ms (FindLiveObjects: 0.130500 ms CreateObjectMapping: 0.069000 ms MarkObjects: 1.493600 ms  DeleteObjects: 0.084200 ms)

========================================================================
Received Import Request.
  path: Assets
  artifactKey: Guid(00000000000000001000000000000000) Importer(815301076,1909f56bfc062723c751e8b465ee728b)
Start importing Assets using Guid(00000000000000001000000000000000) Importer(815301076,1909f56bfc062723c751e8b465ee728b)  -> (artifact id: '42baae205c97e3337697759514652acd') in 0.009237 seconds
  Import took 0.011023 seconds .

========================================================================
Received Import Request.
  Time since last request: 45.416567 seconds.
  path: Assets/materiales
  artifactKey: Guid(73207c438743ad34aaf2dd8cce68d26c) Importer(815301076,1909f56bfc062723c751e8b465ee728b)
Start importing Assets/materiales using Guid(73207c438743ad34aaf2dd8cce68d26c) Importer(815301076,1909f56bfc062723c751e8b465ee728b)  -> (artifact id: '8d4edf3afafc92ff078d8d731ec8c8cb') in 0.013532 seconds
  Import took 0.016787 seconds .

========================================================================
Received Import Request.
  Time since last request: 56.795262 seconds.
  path: Assets/materiales/New Material.mat
  artifactKey: Guid(1e3329dd668033b4b8f308e9c5aec01b) Importer(815301076,1909f56bfc062723c751e8b465ee728b)
Start importing Assets/materiales/New Material.mat using Guid(1e3329dd668033b4b8f308e9c5aec01b) Importer(815301076,1909f56bfc062723c751e8b465ee728b)  -> (artifact id: 'a054c96701994533b6a91b9f4be44494') in 0.115835 seconds
  Import took 0.117926 seconds .

========================================================================
Received Import Request.
  Time since last request: 1063.622453 seconds.
  path: Assets/materiales/New Material 1.mat
  artifactKey: Guid(b7a7ee60f9e59a546bca6323cd80077d) Importer(815301076,1909f56bfc062723c751e8b465ee728b)
Start importing Assets/materiales/New Material 1.mat using Guid(b7a7ee60f9e59a546bca6323cd80077d) Importer(815301076,1909f56bfc062723c751e8b465ee728b)  -> (artifact id: '7eecda844f9706b44bea0b58618edbc3') in 0.016079 seconds
  Import took 0.018446 seconds .

========================================================================
Received Import Request.
  Time since last request: 223.560877 seconds.
  path: Assets/materiales/New Material 2.mat
  artifactKey: Guid(7ae2a6e4e2686be418181d33e7c6ffb2) Importer(815301076,1909f56bfc062723c751e8b465ee728b)
Start importing Assets/materiales/New Material 2.mat using Guid(7ae2a6e4e2686be418181d33e7c6ffb2) Importer(815301076,1909f56bfc062723c751e8b465ee728b)  -> (artifact id: 'e53338cce0db4e61a4fadeea4a360476') in 0.028555 seconds
  Import took 0.031133 seconds .

AssetImportWorkerClient::OnTransportError - code=2 error=End of file
